<?xml version="1.0" encoding="UTF-8"?>
<!-- Generated by org.testng.reporters.JUnitReportReporter -->
<testsuite hostname="Sangeetha" failures="0" tests="4" name="executePageClasses.ManageExpensePageTestClass" time="20.877" errors="0" timestamp="2023-07-07T11:23:07 IST" skipped="0">
  <testcase classname="executePageClasses.ManageExpensePageTestClass" name="verifyToSearchCreatedManageExpense" time="5.191"/>
  <system-out/>
  <testcase classname="executePageClasses.ManageExpensePageTestClass" name="verifyToCreateNewManageExpense" time="6.508"/>
  <system-out/>
  <testcase classname="executePageClasses.ManageExpensePageTestClass" name="verifyManageExpensePageIsDisplayedOrNot" time="4.703"/>
  <system-out/>
  <testcase classname="executePageClasses.ManageExpensePageTestClass" name="verifyToDeleteCreatedExpenseinExpensecategoryPage" time="4.475"/>
  <system-out/>
</testsuite> <!-- executePageClasses.ManageExpensePageTestClass -->
