<?xml version="1.0" encoding="UTF-8"?>
<!-- Generated by org.testng.reporters.JUnitReportReporter -->
<testsuite hostname="Sangeetha" failures="0" tests="4" name="executePageClasses.ExpenseCategoryPageTestClass" time="21.687" errors="0" timestamp="2023-07-07T11:23:07 IST" skipped="0">
  <testcase classname="executePageClasses.ExpenseCategoryPageTestClass" name="verifyToCreateNewExpenseinExpensecategoryPage" time="5.025"/>
  <system-out/>
  <testcase classname="executePageClasses.ExpenseCategoryPageTestClass" name="verifyToDeleteCreatedExpenseinExpensecategoryPage" time="6.531"/>
  <system-out/>
  <testcase classname="executePageClasses.ExpenseCategoryPageTestClass" name="verifyToSearchCreatedExpenseinExpensecategoryPage" time="5.728"/>
  <system-out/>
  <testcase classname="executePageClasses.ExpenseCategoryPageTestClass" name="verifyExpensecategoryPageIsDisplayedOrNot" time="4.403"/>
  <system-out/>
</testsuite> <!-- executePageClasses.ExpenseCategoryPageTestClass -->
