<?xml version="1.0" encoding="UTF-8"?>
<!-- Generated by org.testng.reporters.JUnitReportReporter -->
<testsuite hostname="Sangeetha" failures="0" tests="10" name="executePageClasses.LoginPageTestClass" time="38.355" errors="0" timestamp="2023-07-06T21:52:51 IST" skipped="0">
  <testcase classname="executePageClasses.LoginPageTestClass" name="verifySuccessfulLogin" time="3.530"/>
  <system-out/>
  <testcase classname="executePageClasses.LoginPageTestClass" name="verifyRememberMeCheckBoxIsSelectedByDefaultOrNot" time="3.310"/>
  <system-out/>
  <testcase classname="executePageClasses.LoginPageTestClass" name="verifySuccessfulLogin" time="4.052"/>
  <system-out/>
  <testcase classname="executePageClasses.LoginPageTestClass" name="verifyRememberMeCheckBoxIsSelectedByDefaultOrNot" time="2.969"/>
  <system-out/>
  <testcase classname="executePageClasses.LoginPageTestClass" name="verifyUnSuccessfulLogin" time="3.869"/>
  <system-out/>
  <testcase classname="executePageClasses.LoginPageTestClass" name="verifyUnSuccessfulLogin" time="2.927"/>
  <system-out/>
  <testcase classname="executePageClasses.LoginPageTestClass" name="verifyUnSuccessfulLogin" time="3.346"/>
  <system-out/>
  <testcase classname="executePageClasses.LoginPageTestClass" name="verifyUnSuccessfulLogin" time="4.626"/>
  <system-out/>
  <testcase classname="executePageClasses.LoginPageTestClass" name="verifyUnSuccessfulLogin" time="3.698"/>
  <system-out/>
  <testcase classname="executePageClasses.LoginPageTestClass" name="verifyUnSuccessfulLogin" time="6.028"/>
  <system-out/>
</testsuite> <!-- executePageClasses.LoginPageTestClass -->
