<?xml version="1.0" encoding="UTF-8"?>
<!-- Generated by org.testng.reporters.JUnitReportReporter -->
<testsuite hostname="Sangeetha" failures="0" tests="1" name="executePageClasses.ManageProductPageTestClass" time="4.554" errors="0" timestamp="2023-07-07T11:23:07 IST" skipped="0">
  <testcase classname="executePageClasses.ManageProductPageTestClass" name="verifyToSearchAProductInManageProductPage" time="4.554"/>
  <system-out/>
</testsuite> <!-- executePageClasses.ManageProductPageTestClass -->
