<?xml version="1.0" encoding="UTF-8"?>
<!-- Generated by org.testng.reporters.JUnitReportReporter -->
<testsuite hostname="Sangeetha" failures="0" tests="1" name="executePageClasses.HomePageTestClass" time="3.869" errors="0" timestamp="2023-07-07T11:23:07 IST" skipped="0">
  <testcase classname="executePageClasses.HomePageTestClass" name="verifyAllTilesAreDisplayedOrNotInHomePage" time="3.869"/>
  <system-out/>
</testsuite> <!-- executePageClasses.HomePageTestClass -->
